<?xml version="1.0" encoding="UTF-8"?>
<testng-results ignored="0" total="5" passed="4" failed="1" skipped="0">
  <reporter-output>
  </reporter-output>
  <suite started-at="2024-04-18T10:55:43 IST" name="Default suite" finished-at="2024-04-18T10:57:33 IST" duration-ms="110284">
    <groups>
      <group name="cucumber">
        <method signature="AbstractTestNGCucumberTests.runScenario(io.cucumber.testng.PickleWrapper,io.cucumber.testng.FeatureWrapper)[pri:0, instance:TestRunner.HotelTestRunner@7b4c50bc]" name="runScenario" class="io.cucumber.testng.AbstractTestNGCucumberTests"/>
      </group> <!-- cucumber -->
    </groups>
    <test started-at="2024-04-18T10:55:43 IST" name="Default test" finished-at="2024-04-18T10:57:33 IST" duration-ms="110284">
      <class name="TestRunner.HotelTestRunner">
        <test-method is-config="true" signature="setUpClass(org.testng.ITestContext)[pri:0, instance:TestRunner.HotelTestRunner@7b4c50bc]" started-at="2024-04-18T10:55:43 IST" name="setUpClass" finished-at="2024-04-18T10:55:44 IST" duration-ms="880" status="PASS">
          <params>
            <param index="0">
              <value>
                <![CDATA[org.testng.TestRunner@7c226095]]>
              </value>
            </param>
          </params>
          <reporter-output>
          </reporter-output>
        </test-method> <!-- setUpClass -->
        <test-method signature="runScenario(io.cucumber.testng.PickleWrapper,io.cucumber.testng.FeatureWrapper)[pri:0, instance:TestRunner.HotelTestRunner@7b4c50bc]" started-at="2024-04-18T10:55:44 IST" name="runScenario" description="Runs Cucumber Scenarios" data-provider="scenarios" finished-at="2024-04-18T10:56:05 IST" duration-ms="20837" status="PASS">
          <params>
            <param index="0">
              <value>
                <![CDATA["User searches for hotels"]]>
              </value>
            </param>
            <param index="1">
              <value>
                <![CDATA["Hotel Booking Functionalities"]]>
              </value>
            </param>
          </params>
          <reporter-output>
          </reporter-output>
        </test-method> <!-- runScenario -->
        <test-method signature="runScenario(io.cucumber.testng.PickleWrapper,io.cucumber.testng.FeatureWrapper)[pri:0, instance:TestRunner.HotelTestRunner@7b4c50bc]" started-at="2024-04-18T10:56:05 IST" name="runScenario" description="Runs Cucumber Scenarios" data-provider="scenarios" finished-at="2024-04-18T10:56:33 IST" duration-ms="28365" status="PASS">
          <params>
            <param index="0">
              <value>
                <![CDATA["User filter hotel search results"]]>
              </value>
            </param>
            <param index="1">
              <value>
                <![CDATA["Hotel Booking Functionalities"]]>
              </value>
            </param>
          </params>
          <reporter-output>
          </reporter-output>
        </test-method> <!-- runScenario -->
        <test-method signature="runScenario(io.cucumber.testng.PickleWrapper,io.cucumber.testng.FeatureWrapper)[pri:0, instance:TestRunner.HotelTestRunner@7b4c50bc]" started-at="2024-04-18T10:56:33 IST" name="runScenario" description="Runs Cucumber Scenarios" data-provider="scenarios" finished-at="2024-04-18T10:56:57 IST" duration-ms="23310" status="PASS">
          <params>
            <param index="0">
              <value>
                <![CDATA["To verify Group Deals functionality of Hotel option"]]>
              </value>
            </param>
            <param index="1">
              <value>
                <![CDATA["Hotel Booking Functionalities"]]>
              </value>
            </param>
          </params>
          <reporter-output>
          </reporter-output>
        </test-method> <!-- runScenario -->
        <test-method signature="runScenario(io.cucumber.testng.PickleWrapper,io.cucumber.testng.FeatureWrapper)[pri:0, instance:TestRunner.HotelTestRunner@7b4c50bc]" started-at="2024-04-18T10:56:57 IST" name="runScenario" description="Runs Cucumber Scenarios" data-provider="scenarios" finished-at="2024-04-18T10:57:21 IST" duration-ms="24719" status="PASS">
          <params>
            <param index="0">
              <value>
                <![CDATA["To check Currency change functionality"]]>
              </value>
            </param>
            <param index="1">
              <value>
                <![CDATA["Hotel Booking Functionalities"]]>
              </value>
            </param>
          </params>
          <reporter-output>
          </reporter-output>
        </test-method> <!-- runScenario -->
        <test-method signature="runScenario(io.cucumber.testng.PickleWrapper,io.cucumber.testng.FeatureWrapper)[pri:0, instance:TestRunner.HotelTestRunner@7b4c50bc]" started-at="2024-04-18T10:57:21 IST" name="runScenario" description="Runs Cucumber Scenarios" data-provider="scenarios" finished-at="2024-04-18T10:57:33 IST" duration-ms="11675" status="FAIL">
          <params>
            <param index="0">
              <value>
                <![CDATA["To verify that in suggested list "City/Location/Area" should display name according to the first initial"]]>
              </value>
            </param>
            <param index="1">
              <value>
                <![CDATA["Hotel Booking Functionalities"]]>
              </value>
            </param>
          </params>
          <exception class="org.openqa.selenium.NoSuchElementException">
            <message>
              <![CDATA[no such element: Unable to locate element: {"method":"xpath","selector":"//div[@class="appendBottom15 bdrBottom"]/child::div/child::span"}
  (Session info: chrome=123.0.6312.124)
For documentation on this error, please visit: https://www.selenium.dev/documentation/webdriver/troubleshooting/errors#no-such-element-exception
Build info: version: '4.18.1', revision: 'b1d3319b48'
System info: os.name: 'Windows 11', os.arch: 'amd64', os.version: '10.0', java.version: '21.0.2'
Driver info: org.openqa.selenium.chrome.ChromeDriver
Command: [1248c09873706cf6a7d8d79c3221c67b, findElement {using=xpath, value=//div[@class="appendBottom15 bdrBottom"]/child::div/child::span}]
Capabilities {acceptInsecureCerts: false, browserName: chrome, browserVersion: 123.0.6312.124, chrome: {chromedriverVersion: 123.0.6312.122 (31f8248cdd9..., userDataDir: C:\Windows\SystemTemp\scope...}, fedcm:accounts: true, goog:chromeOptions: {debuggerAddress: localhost:53044}, networkConnectionEnabled: false, pageLoadStrategy: normal, platformName: windows, proxy: Proxy(), se:cdp: ws://localhost:53044/devtoo..., se:cdpVersion: 123.0.6312.124, setWindowRect: true, strictFileInteractability: false, timeouts: {implicit: 0, pageLoad: 300000, script: 30000}, unhandledPromptBehavior: dismiss and notify, webauthn:extension:credBlob: true, webauthn:extension:largeBlob: true, webauthn:extension:minPinLength: true, webauthn:extension:prf: true, webauthn:virtualAuthenticators: true}
Session ID: 1248c09873706cf6a7d8d79c3221c67b]]>
            </message>
            <full-stacktrace>
              <![CDATA[org.openqa.selenium.NoSuchElementException: no such element: Unable to locate element: {"method":"xpath","selector":"//div[@class="appendBottom15 bdrBottom"]/child::div/child::span"}
  (Session info: chrome=123.0.6312.124)
For documentation on this error, please visit: https://www.selenium.dev/documentation/webdriver/troubleshooting/errors#no-such-element-exception
Build info: version: '4.18.1', revision: 'b1d3319b48'
System info: os.name: 'Windows 11', os.arch: 'amd64', os.version: '10.0', java.version: '21.0.2'
Driver info: org.openqa.selenium.chrome.ChromeDriver
Command: [1248c09873706cf6a7d8d79c3221c67b, findElement {using=xpath, value=//div[@class="appendBottom15 bdrBottom"]/child::div/child::span}]
Capabilities {acceptInsecureCerts: false, browserName: chrome, browserVersion: 123.0.6312.124, chrome: {chromedriverVersion: 123.0.6312.122 (31f8248cdd9..., userDataDir: C:\Windows\SystemTemp\scope...}, fedcm:accounts: true, goog:chromeOptions: {debuggerAddress: localhost:53044}, networkConnectionEnabled: false, pageLoadStrategy: normal, platformName: windows, proxy: Proxy(), se:cdp: ws://localhost:53044/devtoo..., se:cdpVersion: 123.0.6312.124, setWindowRect: true, strictFileInteractability: false, timeouts: {implicit: 0, pageLoad: 300000, script: 30000}, unhandledPromptBehavior: dismiss and notify, webauthn:extension:credBlob: true, webauthn:extension:largeBlob: true, webauthn:extension:minPinLength: true, webauthn:extension:prf: true, webauthn:virtualAuthenticators: true}
Session ID: 1248c09873706cf6a7d8d79c3221c67b
at java.base/jdk.internal.reflect.DirectConstructorHandleAccessor.newInstance(DirectConstructorHandleAccessor.java:62)
at java.base/java.lang.reflect.Constructor.newInstanceWithCaller(Constructor.java:502)
at java.base/java.lang.reflect.Constructor.newInstance(Constructor.java:486)
at org.openqa.selenium.remote.ErrorCodec.decode(ErrorCodec.java:167)
at org.openqa.selenium.remote.codec.w3c.W3CHttpResponseCodec.decode(W3CHttpResponseCodec.java:138)
at org.openqa.selenium.remote.codec.w3c.W3CHttpResponseCodec.decode(W3CHttpResponseCodec.java:50)
at org.openqa.selenium.remote.HttpCommandExecutor.execute(HttpCommandExecutor.java:190)
at org.openqa.selenium.remote.service.DriverCommandExecutor.invokeExecute(DriverCommandExecutor.java:216)
at org.openqa.selenium.remote.service.DriverCommandExecutor.execute(DriverCommandExecutor.java:174)
at org.openqa.selenium.remote.RemoteWebDriver.execute(RemoteWebDriver.java:519)
at org.openqa.selenium.remote.ElementLocation$ElementFinder$2.findElement(ElementLocation.java:165)
at org.openqa.selenium.remote.ElementLocation.findElement(ElementLocation.java:59)
at org.openqa.selenium.remote.RemoteWebDriver.findElement(RemoteWebDriver.java:356)
at org.openqa.selenium.remote.RemoteWebDriver.findElement(RemoteWebDriver.java:350)
at org.openqa.selenium.support.pagefactory.DefaultElementLocator.findElement(DefaultElementLocator.java:68)
at org.openqa.selenium.support.pagefactory.internal.LocatingElementHandler.invoke(LocatingElementHandler.java:38)
at jdk.proxy2/jdk.proxy2.$Proxy27.getText(Unknown Source)
at PageFactory.S1PageFac.result(S1PageFac.java:118)
at StepDefinition.Search_StepDef.it_should_display_all_the_city_names_starting_with_first_letter(Search_StepDef.java:146)
at ✽.It should display all the City names Starting with first letter(file:///C:/Users/SUJAIN/Desktop/Sprint%202/MMT_Hotel/src/test/resource/Features/MMTHotel.feature:72)
]]>
            </full-stacktrace>
          </exception> <!-- org.openqa.selenium.NoSuchElementException -->
          <reporter-output>
          </reporter-output>
        </test-method> <!-- runScenario -->
        <test-method is-config="true" signature="tearDownClass()[pri:0, instance:TestRunner.HotelTestRunner@7b4c50bc]" started-at="2024-04-18T10:57:33 IST" name="tearDownClass" finished-at="2024-04-18T10:57:33 IST" duration-ms="410" status="PASS">
          <reporter-output>
          </reporter-output>
        </test-method> <!-- tearDownClass -->
      </class> <!-- TestRunner.HotelTestRunner -->
    </test> <!-- Default test -->
  </suite> <!-- Default suite -->
</testng-results>
